<?xml version="1.0" encoding="UTF-8"?>
<coverage generated="1734271099862" clover="3.2.0">
  <project timestamp="1734271099862" name="All files">
    <metrics statements="12" coveredstatements="11" conditionals="6" coveredconditionals="6" methods="5" coveredmethods="4" elements="23" coveredelements="21" complexity="0" loc="12" ncloc="12" packages="1" files="4" classes="4"/>
    <file name="getLevel.js" path="C:\Users\user\Desktop\Новая папка\health-indicator\getLevel.js">
      <metrics statements="4" coveredstatements="4" conditionals="2" coveredconditionals="2" methods="1" coveredmethods="1"/>
      <line num="5" count="2" type="stmt"/>
      <line num="7" count="2" type="cond" truecount="2" falsecount="0"/>
      <line num="8" count="1" type="stmt"/>
      <line num="11" count="1" type="stmt"/>
    </file>
    <file name="healthIndicator.js" path="C:\Users\user\Desktop\Новая папка\health-indicator\healthIndicator.js">
      <metrics statements="6" coveredstatements="6" conditionals="4" coveredconditionals="4" methods="1" coveredmethods="1"/>
      <line num="3" count="3" type="stmt"/>
      <line num="4" count="3" type="cond" truecount="2" falsecount="0"/>
      <line num="5" count="1" type="stmt"/>
      <line num="6" count="2" type="cond" truecount="2" falsecount="0"/>
      <line num="7" count="1" type="stmt"/>
      <line num="9" count="1" type="stmt"/>
    </file>
    <file name="http.js" path="C:\Users\user\Desktop\Новая папка\health-indicator\http.js">
      <metrics statements="1" coveredstatements="0" conditionals="0" coveredconditionals="0" methods="1" coveredmethods="0"/>
      <line num="3" count="0" type="stmt"/>
    </file>
    <file name="sortHeroes.js" path="C:\Users\user\Desktop\Новая папка\health-indicator\sortHeroes.js">
      <metrics statements="1" coveredstatements="1" conditionals="0" coveredconditionals="0" methods="2" coveredmethods="2"/>
      <line num="3" count="4" type="stmt"/>
    </file>
  </project>
</coverage>
