{"C:\\Users\\user\\Desktop\\Новая папка\\health-indicator\\getLevel.js": {"path":"C:\\Users\\user\\Desktop\\Новая папка\\health-indicator\\getLevel.js","statementMap":{"0":{"start":{"line":5,"column":19},"end":{"line":5,"column":61}},"1":{"start":{"line":7,"column":2},"end":{"line":9,"column":3}},"2":{"start":{"line":8,"column":4},"end":{"line":8,"column":52}},"3":{"start":{"line":11,"column":2},"end":{"line":11,"column":52}}},"fnMap":{"0":{"name":"getLevel","decl":{"start":{"line":4,"column":16},"end":{"line":4,"column":24}},"loc":{"start":{"line":4,"column":33},"end":{"line":12,"column":1}},"line":4}},"branchMap":{"0":{"loc":{"start":{"line":7,"column":2},"end":{"line":9,"column":3}},"type":"if","locations":[{"start":{"line":7,"column":2},"end":{"line":9,"column":3}},{"start":{},"end":{}}],"line":7}},"s":{"0":2,"1":2,"2":1,"3":1},"f":{"0":2},"b":{"0":[1,1]},"_coverageSchema":"1a1c01bbd47fc00a2c39e90264f33305004495a9","hash":"32e2041a4bc55652e1cc001ee479c5d22f90eb40"}
,"C:\\Users\\user\\Desktop\\Новая папка\\health-indicator\\healthIndicator.js": {"path":"C:\\Users\\user\\Desktop\\Новая папка\\health-indicator\\healthIndicator.js","statementMap":{"0":{"start":{"line":3,"column":21},"end":{"line":3,"column":30}},"1":{"start":{"line":4,"column":2},"end":{"line":10,"column":3}},"2":{"start":{"line":5,"column":4},"end":{"line":5,"column":21}},"3":{"start":{"line":6,"column":9},"end":{"line":10,"column":3}},"4":{"start":{"line":7,"column":4},"end":{"line":7,"column":21}},"5":{"start":{"line":9,"column":4},"end":{"line":9,"column":22}}},"fnMap":{"0":{"name":"getHealthStatus","decl":{"start":{"line":2,"column":16},"end":{"line":2,"column":31}},"loc":{"start":{"line":2,"column":43},"end":{"line":11,"column":1}},"line":2}},"branchMap":{"0":{"loc":{"start":{"line":4,"column":2},"end":{"line":10,"column":3}},"type":"if","locations":[{"start":{"line":4,"column":2},"end":{"line":10,"column":3}},{"start":{"line":6,"column":9},"end":{"line":10,"column":3}}],"line":4},"1":{"loc":{"start":{"line":6,"column":9},"end":{"line":10,"column":3}},"type":"if","locations":[{"start":{"line":6,"column":9},"end":{"line":10,"column":3}},{"start":{"line":8,"column":9},"end":{"line":10,"column":3}}],"line":6}},"s":{"0":3,"1":3,"2":1,"3":2,"4":1,"5":1},"f":{"0":3},"b":{"0":[1,2],"1":[1,1]},"_coverageSchema":"1a1c01bbd47fc00a2c39e90264f33305004495a9","hash":"52133be6d44d37efeb10d1c51957e06d4ee37313"}
,"C:\\Users\\user\\Desktop\\Новая папка\\health-indicator\\http.js": {"path":"C:\\Users\\user\\Desktop\\Новая папка\\health-indicator\\http.js","statementMap":{"0":{"start":{"line":3,"column":2},"end":{"line":3,"column":32}}},"fnMap":{"0":{"name":"fetchData","decl":{"start":{"line":2,"column":24},"end":{"line":2,"column":33}},"loc":{"start":{"line":2,"column":39},"end":{"line":4,"column":1}},"line":2}},"branchMap":{},"s":{"0":0},"f":{"0":0},"b":{},"_coverageSchema":"1a1c01bbd47fc00a2c39e90264f33305004495a9","hash":"980bd1b7d369f8f00c27143d61b9d723f581d575"}
,"C:\\Users\\user\\Desktop\\Новая папка\\health-indicator\\sortHeroes.js": {"path":"C:\\Users\\user\\Desktop\\Новая папка\\health-indicator\\sortHeroes.js","statementMap":{"0":{"start":{"line":3,"column":2},"end":{"line":3,"column":52}},"1":{"start":{"line":3,"column":31},"end":{"line":3,"column":50}}},"fnMap":{"0":{"name":"sortHeroes","decl":{"start":{"line":2,"column":16},"end":{"line":2,"column":26}},"loc":{"start":{"line":2,"column":35},"end":{"line":4,"column":1}},"line":2},"1":{"name":"(anonymous_1)","decl":{"start":{"line":3,"column":21},"end":{"line":3,"column":22}},"loc":{"start":{"line":3,"column":31},"end":{"line":3,"column":50}},"line":3}},"branchMap":{},"s":{"0":1,"1":4},"f":{"0":1,"1":4},"b":{},"_coverageSchema":"1a1c01bbd47fc00a2c39e90264f33305004495a9","hash":"6d9f49c4c286e6c071cdd374b3ecc2ffd4bb78be"}
}
