TN:
SF:getLevel.js
FN:4,getLevel
FNF:1
FNH:1
FNDA:2,getLevel
DA:5,2
DA:7,2
DA:8,1
DA:11,1
LF:4
LH:4
BRDA:7,0,0,1
BRDA:7,0,1,1
BRF:2
BRH:2
end_of_record
TN:
SF:healthIndicator.js
FN:2,getHealthStatus
FNF:1
FNH:1
FNDA:3,getHealthStatus
DA:3,3
DA:4,3
DA:5,1
DA:6,2
DA:7,1
DA:9,1
LF:6
LH:6
BRDA:4,0,0,1
BRDA:4,0,1,2
BRDA:6,1,0,1
BRDA:6,1,1,1
BRF:4
BRH:4
end_of_record
TN:
SF:http.js
FN:2,fetchData
FNF:1
FNH:0
FNDA:0,fetchData
DA:3,0
LF:1
LH:0
BRF:0
BRH:0
end_of_record
TN:
SF:sortHeroes.js
FN:2,sortHeroes
FN:3,(anonymous_1)
FNF:2
FNH:2
FNDA:1,sortHeroes
FNDA:4,(anonymous_1)
DA:3,4
LF:1
LH:1
BRF:0
BRH:0
end_of_record
